Performing C++ SOURCE FILE Test CMAKE_HAVE_LIBC_PTHREAD failed with the following output:
Change Dir: /home/piotrek/Informatyka-studia/Semestr 4/C++/ships_project/ship_battle/build-ShipBattle-Desktop_Qt_6_2_4_GCC_64bit-Debug/CMakeFiles/CMakeTmp

Run Build Command(s):/home/piotrek/Qt/Tools/Ninja/ninja cmTC_4963e && [1/2] Building CXX object CMakeFiles/cmTC_4963e.dir/src.cxx.o
[2/2] Linking CXX executable cmTC_4963e
FAILED: cmTC_4963e 
: && /usr/bin/g++   CMakeFiles/cmTC_4963e.dir/src.cxx.o -o cmTC_4963e   && :
/usr/bin/ld: CMakeFiles/cmTC_4963e.dir/src.cxx.o: in function `main':
src.cxx:(.text+0x46): undefined reference to `pthread_create'
/usr/bin/ld: src.cxx:(.text+0x52): undefined reference to `pthread_detach'
/usr/bin/ld: src.cxx:(.text+0x5e): undefined reference to `pthread_cancel'
/usr/bin/ld: src.cxx:(.text+0x6f): undefined reference to `pthread_join'
collect2: error: ld returned 1 exit status
ninja: build stopped: subcommand failed.


Source file was:
#include <pthread.h>

static void* test_func(void* data)
{
  return data;
}

int main(void)
{
  pthread_t thread;
  pthread_create(&thread, NULL, test_func, NULL);
  pthread_detach(thread);
  pthread_cancel(thread);
  pthread_join(thread, NULL);
  pthread_atfork(NULL, NULL, NULL);
  pthread_exit(NULL);

  return 0;
}

